TN:
SF:src\router.ts
FN:23,(anonymous_0)
FN:36,(anonymous_1)
FNF:2
FNH:2
FNDA:3,(anonymous_0)
FNDA:5,(anonymous_1)
DA:1,2
DA:2,2
DA:3,2
DA:4,2
DA:6,2
DA:9,2
DA:10,2
DA:16,2
DA:23,3
DA:28,2
DA:36,5
DA:43,2
DA:49,2
DA:55,2
LF:14
LH:14
BRF:0
BRH:0
end_of_record
TN:
SF:src\server.ts
FN:7,connectDB
FN:28,(anonymous_2)
FNF:2
FNH:2
FNDA:2,connectDB
FNDA:1,(anonymous_2)
DA:1,2
DA:2,2
DA:3,2
DA:4,2
DA:8,2
DA:9,2
DA:10,1
DA:15,0
DA:18,2
DA:21,2
DA:24,2
DA:26,2
DA:28,2
DA:29,1
DA:32,2
LF:15
LH:14
BRF:0
BRH:0
end_of_record
TN:
SF:src\config\db.ts
FNF:0
FNH:0
DA:1,2
DA:2,2
DA:4,2
DA:6,2
DA:11,2
LF:5
LH:5
BRF:0
BRH:0
end_of_record
TN:
SF:src\handlers\product.ts
FN:4,(anonymous_1)
FN:24,(anonymous_2)
FN:42,(anonymous_3)
FN:52,(anonymous_4)
FN:70,(anonymous_5)
FN:87,(anonymous_6)
FNF:6
FNH:5
FNDA:2,(anonymous_1)
FNDA:2,(anonymous_2)
FNDA:1,(anonymous_3)
FNDA:2,(anonymous_4)
FNDA:0,(anonymous_5)
FNDA:2,(anonymous_6)
DA:2,2
DA:4,2
DA:5,2
DA:6,2
DA:19,2
DA:21,0
DA:24,2
DA:25,2
DA:26,2
DA:27,2
DA:29,2
DA:30,1
DA:35,1
DA:37,0
DA:42,2
DA:43,1
DA:44,1
DA:45,1
DA:47,0
DA:52,2
DA:53,2
DA:54,2
DA:56,2
DA:57,1
DA:63,1
DA:64,1
DA:65,1
DA:67,1
DA:70,2
DA:71,0
DA:72,0
DA:74,0
DA:75,0
DA:81,0
DA:82,0
DA:84,0
DA:87,2
DA:88,2
DA:89,2
DA:91,2
DA:92,1
DA:97,1
DA:98,1
LF:43
LH:33
BRDA:29,0,0,1
BRDA:29,0,1,1
BRDA:56,1,0,1
BRDA:56,1,1,1
BRDA:74,2,0,0
BRDA:74,2,1,0
BRDA:91,3,0,1
BRDA:91,3,1,1
BRF:8
BRH:6
end_of_record
TN:
SF:src\middleware\index.ts
FN:4,(anonymous_0)
FNF:1
FNH:1
FNDA:14,(anonymous_0)
DA:2,2
DA:4,2
DA:5,14
DA:6,14
DA:7,7
DA:9,7
DA:10,7
LF:7
LH:7
BRDA:6,0,0,7
BRDA:6,0,1,7
BRF:2
BRH:2
end_of_record
TN:
SF:src\models\Product-model.ts
FNF:0
FNH:0
DA:1,2
DA:7,2
DA:11,2
DA:16,2
DA:22,2
DA:25,2
LF:6
LH:6
BRF:0
BRH:0
end_of_record
